2014-05-02 09:48:22,625 - Resource Loader Instantiated: org.apache.velocity.runtime.resource.loader.ClasspathResourceLoader
2014-05-02 09:48:22,625 - ClasspathResourceLoader : initialization starting.
2014-05-02 09:48:22,625 - ClasspathResourceLoader : initialization complete.
2014-05-02 09:48:22,628 - ResourceCache : initialized. (class org.apache.velocity.runtime.resource.ResourceCacheImpl)
2014-05-02 09:48:22,628 - Default ResourceManager initialization complete.
2014-05-02 09:48:22,631 - Loaded System Directive: org.apache.velocity.runtime.directive.Literal
2014-05-02 09:48:22,635 - Loaded System Directive: org.apache.velocity.runtime.directive.Macro
2014-05-02 09:48:22,638 - Loaded System Directive: org.apache.velocity.runtime.directive.Parse
2014-05-02 09:48:22,640 - Loaded System Directive: org.apache.velocity.runtime.directive.Include
2014-05-02 09:48:22,641 - Loaded System Directive: org.apache.velocity.runtime.directive.Foreach
2014-05-02 09:48:22,677 - Created: 20 parsers.
2014-05-02 09:48:22,684 - Velocimacro : initialization starting.
2014-05-02 09:48:22,684 - Velocimacro : adding VMs from VM library template : VM_global_library.vm
2014-05-02 09:48:22,692 - ResourceManager : unable to find resource 'VM_global_library.vm' in any resource loader.
2014-05-02 09:48:22,693 - Velocimacro : error using  VM library template VM_global_library.vm : org.apache.velocity.exception.ResourceNotFoundException: Unable to find resource 'VM_global_library.vm'
2014-05-02 09:48:22,693 - Velocimacro :  VM library template macro registration complete.
2014-05-02 09:48:22,693 - Velocimacro : allowInline = true : VMs can be defined inline in templates
2014-05-02 09:48:22,693 - Velocimacro : allowInlineToOverride = false : VMs defined inline may NOT replace previous VM definitions
2014-05-02 09:48:22,693 - Velocimacro : allowInlineLocal = false : VMs defined inline will be  global in scope if allowed.
2014-05-02 09:48:22,693 - Velocimacro : messages on  : VM system will output logging messages
2014-05-02 09:48:22,693 - Velocimacro : autoload off  : VM system will not automatically reload global library macros
2014-05-02 09:48:22,693 - Velocimacro : initialization complete.
2014-05-02 09:48:22,693 - Velocity successfully started.
2014-05-02 09:48:58,888 - SimpleLog4JLogSystem initialized using logfile 'velocity.log'
2014-05-02 09:48:58,888 - ************************************************************** 
2014-05-02 09:48:58,888 - Starting Jakarta Velocity v1.4
2014-05-02 09:48:58,888 - RuntimeInstance initializing.
2014-05-02 09:48:58,888 - Default Properties File: org/apache/velocity/runtime/defaults/velocity.properties
2014-05-02 09:48:58,888 - Trying to use logger class org.apache.velocity.runtime.log.SimpleLog4JLogSystem
2014-05-02 09:48:58,888 - Using logger class org.apache.velocity.runtime.log.SimpleLog4JLogSystem
2014-05-02 09:48:58,892 - Default ResourceManager initializing. (class org.apache.velocity.runtime.resource.ResourceManagerImpl)
2014-05-02 09:48:58,894 - Resource Loader Instantiated: org.apache.velocity.runtime.resource.loader.ClasspathResourceLoader
2014-05-02 09:48:58,894 - ClasspathResourceLoader : initialization starting.
2014-05-02 09:48:58,894 - ClasspathResourceLoader : initialization complete.
2014-05-02 09:48:58,896 - ResourceCache : initialized. (class org.apache.velocity.runtime.resource.ResourceCacheImpl)
2014-05-02 09:48:58,896 - Default ResourceManager initialization complete.
2014-05-02 09:48:58,897 - Loaded System Directive: org.apache.velocity.runtime.directive.Literal
2014-05-02 09:48:58,899 - Loaded System Directive: org.apache.velocity.runtime.directive.Macro
2014-05-02 09:48:58,901 - Loaded System Directive: org.apache.velocity.runtime.directive.Parse
2014-05-02 09:48:58,903 - Loaded System Directive: org.apache.velocity.runtime.directive.Include
2014-05-02 09:48:58,904 - Loaded System Directive: org.apache.velocity.runtime.directive.Foreach
2014-05-02 09:48:58,939 - Created: 20 parsers.
2014-05-02 09:48:58,946 - Velocimacro : initialization starting.
2014-05-02 09:48:58,946 - Velocimacro : adding VMs from VM library template : VM_global_library.vm
2014-05-02 09:48:58,951 - ResourceManager : unable to find resource 'VM_global_library.vm' in any resource loader.
2014-05-02 09:48:58,951 - Velocimacro : error using  VM library template VM_global_library.vm : org.apache.velocity.exception.ResourceNotFoundException: Unable to find resource 'VM_global_library.vm'
2014-05-02 09:48:58,951 - Velocimacro :  VM library template macro registration complete.
2014-05-02 09:48:58,951 - Velocimacro : allowInline = true : VMs can be defined inline in templates
2014-05-02 09:48:58,951 - Velocimacro : allowInlineToOverride = false : VMs defined inline may NOT replace previous VM definitions
2014-05-02 09:48:58,951 - Velocimacro : allowInlineLocal = false : VMs defined inline will be  global in scope if allowed.
2014-05-02 09:48:58,951 - Velocimacro : messages on  : VM system will output logging messages
2014-05-02 09:48:58,951 - Velocimacro : autoload off  : VM system will not automatically reload global library macros
2014-05-02 09:48:58,951 - Velocimacro : initialization complete.
2014-05-02 09:48:58,951 - Velocity successfully started.
2014-05-02 09:58:16,327 - SimpleLog4JLogSystem initialized using logfile 'velocity.log'
2014-05-02 09:58:16,327 - ************************************************************** 
2014-05-02 09:58:16,327 - Starting Jakarta Velocity v1.4
2014-05-02 09:58:16,327 - RuntimeInstance initializing.
2014-05-02 09:58:16,327 - Default Properties File: org/apache/velocity/runtime/defaults/velocity.properties
2014-05-02 09:58:16,327 - Trying to use logger class org.apache.velocity.runtime.log.SimpleLog4JLogSystem
2014-05-02 09:58:16,327 - Using logger class org.apache.velocity.runtime.log.SimpleLog4JLogSystem
2014-05-02 09:58:16,331 - Default ResourceManager initializing. (class org.apache.velocity.runtime.resource.ResourceManagerImpl)
2014-05-02 09:58:16,334 - Resource Loader Instantiated: org.apache.velocity.runtime.resource.loader.ClasspathResourceLoader
2014-05-02 09:58:16,334 - ClasspathResourceLoader : initialization starting.
2014-05-02 09:58:16,334 - ClasspathResourceLoader : initialization complete.
2014-05-02 09:58:16,336 - ResourceCache : initialized. (class org.apache.velocity.runtime.resource.ResourceCacheImpl)
2014-05-02 09:58:16,336 - Default ResourceManager initialization complete.
2014-05-02 09:58:16,338 - Loaded System Directive: org.apache.velocity.runtime.directive.Literal
2014-05-02 09:58:16,340 - Loaded System Directive: org.apache.velocity.runtime.directive.Macro
2014-05-02 09:58:16,343 - Loaded System Directive: org.apache.velocity.runtime.directive.Parse
2014-05-02 09:58:16,345 - Loaded System Directive: org.apache.velocity.runtime.directive.Include
2014-05-02 09:58:16,346 - Loaded System Directive: org.apache.velocity.runtime.directive.Foreach
2014-05-02 09:58:16,386 - Created: 20 parsers.
2014-05-02 09:58:16,394 - Velocimacro : initialization starting.
2014-05-02 09:58:16,394 - Velocimacro : adding VMs from VM library template : VM_global_library.vm
2014-05-02 09:58:16,400 - ResourceManager : unable to find resource 'VM_global_library.vm' in any resource loader.
2014-05-02 09:58:16,400 - Velocimacro : error using  VM library template VM_global_library.vm : org.apache.velocity.exception.ResourceNotFoundException: Unable to find resource 'VM_global_library.vm'
2014-05-02 09:58:16,400 - Velocimacro :  VM library template macro registration complete.
2014-05-02 09:58:16,400 - Velocimacro : allowInline = true : VMs can be defined inline in templates
2014-05-02 09:58:16,400 - Velocimacro : allowInlineToOverride = false : VMs defined inline may NOT replace previous VM definitions
2014-05-02 09:58:16,400 - Velocimacro : allowInlineLocal = false : VMs defined inline will be  global in scope if allowed.
2014-05-02 09:58:16,400 - Velocimacro : messages on  : VM system will output logging messages
2014-05-02 09:58:16,400 - Velocimacro : autoload off  : VM system will not automatically reload global library macros
2014-05-02 09:58:16,400 - Velocimacro : initialization complete.
2014-05-02 09:58:16,400 - Velocity successfully started.
2014-05-02 10:05:24,444 - SimpleLog4JLogSystem initialized using logfile 'velocity.log'
2014-05-02 10:05:24,445 - ************************************************************** 
2014-05-02 10:05:24,445 - Starting Jakarta Velocity v1.4
2014-05-02 10:05:24,445 - RuntimeInstance initializing.
2014-05-02 10:05:24,445 - Default Properties File: org/apache/velocity/runtime/defaults/velocity.properties
2014-05-02 10:05:24,445 - Trying to use logger class org.apache.velocity.runtime.log.SimpleLog4JLogSystem
2014-05-02 10:05:24,445 - Using logger class org.apache.velocity.runtime.log.SimpleLog4JLogSystem
2014-05-02 10:05:24,448 - Default ResourceManager initializing. (class org.apache.velocity.runtime.resource.ResourceManagerImpl)
2014-05-02 10:05:24,451 - Resource Loader Instantiated: org.apache.velocity.runtime.resource.loader.ClasspathResourceLoader
2014-05-02 10:05:24,451 - ClasspathResourceLoader : initialization starting.
2014-05-02 10:05:24,451 - ClasspathResourceLoader : initialization complete.
2014-05-02 10:05:24,452 - ResourceCache : initialized. (class org.apache.velocity.runtime.resource.ResourceCacheImpl)
2014-05-02 10:05:24,452 - Default ResourceManager initialization complete.
2014-05-02 10:05:24,454 - Loaded System Directive: org.apache.velocity.runtime.directive.Literal
2014-05-02 10:05:24,456 - Loaded System Directive: org.apache.velocity.runtime.directive.Macro
2014-05-02 10:05:24,458 - Loaded System Directive: org.apache.velocity.runtime.directive.Parse
2014-05-02 10:05:24,460 - Loaded System Directive: org.apache.velocity.runtime.directive.Include
2014-05-02 10:05:24,461 - Loaded System Directive: org.apache.velocity.runtime.directive.Foreach
2014-05-02 10:05:24,496 - Created: 20 parsers.
2014-05-02 10:05:24,503 - Velocimacro : initialization starting.
2014-05-02 10:05:24,503 - Velocimacro : adding VMs from VM library template : VM_global_library.vm
2014-05-02 10:05:24,507 - ResourceManager : unable to find resource 'VM_global_library.vm' in any resource loader.
2014-05-02 10:05:24,508 - Velocimacro : error using  VM library template VM_global_library.vm : org.apache.velocity.exception.ResourceNotFoundException: Unable to find resource 'VM_global_library.vm'
2014-05-02 10:05:24,508 - Velocimacro :  VM library template macro registration complete.
2014-05-02 10:05:24,508 - Velocimacro : allowInline = true : VMs can be defined inline in templates
2014-05-02 10:05:24,508 - Velocimacro : allowInlineToOverride = false : VMs defined inline may NOT replace previous VM definitions
2014-05-02 10:05:24,508 - Velocimacro : allowInlineLocal = false : VMs defined inline will be  global in scope if allowed.
2014-05-02 10:05:24,508 - Velocimacro : messages on  : VM system will output logging messages
2014-05-02 10:05:24,508 - Velocimacro : autoload off  : VM system will not automatically reload global library macros
2014-05-02 10:05:24,508 - Velocimacro : initialization complete.
2014-05-02 10:05:24,508 - Velocity successfully started.
2014-05-02 10:08:03,469 - SimpleLog4JLogSystem initialized using logfile 'velocity.log'
2014-05-02 10:08:03,470 - ************************************************************** 
2014-05-02 10:08:03,470 - Starting Jakarta Velocity v1.4
2014-05-02 10:08:03,470 - RuntimeInstance initializing.
2014-05-02 10:08:03,470 - Default Properties File: org/apache/velocity/runtime/defaults/velocity.properties
2014-05-02 10:08:03,470 - Trying to use logger class org.apache.velocity.runtime.log.SimpleLog4JLogSystem
2014-05-02 10:08:03,470 - Using logger class org.apache.velocity.runtime.log.SimpleLog4JLogSystem
2014-05-02 10:08:03,474 - Default ResourceManager initializing. (class org.apache.velocity.runtime.resource.ResourceManagerImpl)
2014-05-02 10:08:03,477 - Resource Loader Instantiated: org.apache.velocity.runtime.resource.loader.ClasspathResourceLoader
2014-05-02 10:08:03,477 - ClasspathResourceLoader : initialization starting.
2014-05-02 10:08:03,477 - ClasspathResourceLoader : initialization complete.
2014-05-02 10:08:03,479 - ResourceCache : initialized. (class org.apache.velocity.runtime.resource.ResourceCacheImpl)
2014-05-02 10:08:03,479 - Default ResourceManager initialization complete.
2014-05-02 10:08:03,480 - Loaded System Directive: org.apache.velocity.runtime.directive.Literal
2014-05-02 10:08:03,482 - Loaded System Directive: org.apache.velocity.runtime.directive.Macro
2014-05-02 10:08:03,485 - Loaded System Directive: org.apache.velocity.runtime.directive.Parse
2014-05-02 10:08:03,487 - Loaded System Directive: org.apache.velocity.runtime.directive.Include
2014-05-02 10:08:03,488 - Loaded System Directive: org.apache.velocity.runtime.directive.Foreach
2014-05-02 10:08:03,528 - Created: 20 parsers.
2014-05-02 10:08:03,537 - Velocimacro : initialization starting.
2014-05-02 10:08:03,537 - Velocimacro : adding VMs from VM library template : VM_global_library.vm
2014-05-02 10:08:03,543 - ResourceManager : unable to find resource 'VM_global_library.vm' in any resource loader.
2014-05-02 10:08:03,543 - Velocimacro : error using  VM library template VM_global_library.vm : org.apache.velocity.exception.ResourceNotFoundException: Unable to find resource 'VM_global_library.vm'
2014-05-02 10:08:03,543 - Velocimacro :  VM library template macro registration complete.
2014-05-02 10:08:03,543 - Velocimacro : allowInline = true : VMs can be defined inline in templates
2014-05-02 10:08:03,543 - Velocimacro : allowInlineToOverride = false : VMs defined inline may NOT replace previous VM definitions
2014-05-02 10:08:03,543 - Velocimacro : allowInlineLocal = false : VMs defined inline will be  global in scope if allowed.
2014-05-02 10:08:03,543 - Velocimacro : messages on  : VM system will output logging messages
2014-05-02 10:08:03,543 - Velocimacro : autoload off  : VM system will not automatically reload global library macros
2014-05-02 10:08:03,543 - Velocimacro : initialization complete.
2014-05-02 10:08:03,544 - Velocity successfully started.
2014-05-02 10:09:14,927 - SimpleLog4JLogSystem initialized using logfile 'velocity.log'
2014-05-02 10:09:14,928 - ************************************************************** 
2014-05-02 10:09:14,928 - Starting Jakarta Velocity v1.4
2014-05-02 10:09:14,928 - RuntimeInstance initializing.
2014-05-02 10:09:14,928 - Default Properties File: org/apache/velocity/runtime/defaults/velocity.properties
2014-05-02 10:09:14,928 - Trying to use logger class org.apache.velocity.runtime.log.SimpleLog4JLogSystem
2014-05-02 10:09:14,928 - Using logger class org.apache.velocity.runtime.log.SimpleLog4JLogSystem
2014-05-02 10:09:14,931 - Default ResourceManager initializing. (class org.apache.velocity.runtime.resource.ResourceManagerImpl)
2014-05-02 10:09:14,933 - Resource Loader Instantiated: org.apache.velocity.runtime.resource.loader.ClasspathResourceLoader
2014-05-02 10:09:14,934 - ClasspathResourceLoader : initialization starting.
2014-05-02 10:09:14,934 - ClasspathResourceLoader : initialization complete.
2014-05-02 10:09:14,935 - ResourceCache : initialized. (class org.apache.velocity.runtime.resource.ResourceCacheImpl)
2014-05-02 10:09:14,935 - Default ResourceManager initialization complete.
2014-05-02 10:09:14,936 - Loaded System Directive: org.apache.velocity.runtime.directive.Literal
2014-05-02 10:09:14,938 - Loaded System Directive: org.apache.velocity.runtime.directive.Macro
2014-05-02 10:09:14,941 - Loaded System Directive: org.apache.velocity.runtime.directive.Parse
2014-05-02 10:09:14,942 - Loaded System Directive: org.apache.velocity.runtime.directive.Include
2014-05-02 10:09:14,943 - Loaded System Directive: org.apache.velocity.runtime.directive.Foreach
2014-05-02 10:09:14,978 - Created: 20 parsers.
2014-05-02 10:09:14,985 - Velocimacro : initialization starting.
2014-05-02 10:09:14,985 - Velocimacro : adding VMs from VM library template : VM_global_library.vm
2014-05-02 10:09:14,989 - ResourceManager : unable to find resource 'VM_global_library.vm' in any resource loader.
2014-05-02 10:09:14,989 - Velocimacro : error using  VM library template VM_global_library.vm : org.apache.velocity.exception.ResourceNotFoundException: Unable to find resource 'VM_global_library.vm'
2014-05-02 10:09:14,990 - Velocimacro :  VM library template macro registration complete.
2014-05-02 10:09:14,990 - Velocimacro : allowInline = true : VMs can be defined inline in templates
2014-05-02 10:09:14,990 - Velocimacro : allowInlineToOverride = false : VMs defined inline may NOT replace previous VM definitions
2014-05-02 10:09:14,990 - Velocimacro : allowInlineLocal = false : VMs defined inline will be  global in scope if allowed.
2014-05-02 10:09:14,990 - Velocimacro : messages on  : VM system will output logging messages
2014-05-02 10:09:14,990 - Velocimacro : autoload off  : VM system will not automatically reload global library macros
2014-05-02 10:09:14,990 - Velocimacro : initialization complete.
2014-05-02 10:09:14,990 - Velocity successfully started.
2014-05-02 10:10:55,118 - SimpleLog4JLogSystem initialized using logfile 'velocity.log'
2014-05-02 10:10:55,118 - ************************************************************** 
2014-05-02 10:10:55,118 - Starting Jakarta Velocity v1.4
2014-05-02 10:10:55,118 - RuntimeInstance initializing.
2014-05-02 10:10:55,118 - Default Properties File: org/apache/velocity/runtime/defaults/velocity.properties
2014-05-02 10:10:55,118 - Trying to use logger class org.apache.velocity.runtime.log.SimpleLog4JLogSystem
2014-05-02 10:10:55,118 - Using logger class org.apache.velocity.runtime.log.SimpleLog4JLogSystem
2014-05-02 10:10:55,122 - Default ResourceManager initializing. (class org.apache.velocity.runtime.resource.ResourceManagerImpl)
2014-05-02 10:10:55,124 - Resource Loader Instantiated: org.apache.velocity.runtime.resource.loader.ClasspathResourceLoader
2014-05-02 10:10:55,124 - ClasspathResourceLoader : initialization starting.
2014-05-02 10:10:55,124 - ClasspathResourceLoader : initialization complete.
2014-05-02 10:10:55,126 - ResourceCache : initialized. (class org.apache.velocity.runtime.resource.ResourceCacheImpl)
2014-05-02 10:10:55,126 - Default ResourceManager initialization complete.
2014-05-02 10:10:55,128 - Loaded System Directive: org.apache.velocity.runtime.directive.Literal
2014-05-02 10:10:55,130 - Loaded System Directive: org.apache.velocity.runtime.directive.Macro
2014-05-02 10:10:55,132 - Loaded System Directive: org.apache.velocity.runtime.directive.Parse
2014-05-02 10:10:55,134 - Loaded System Directive: org.apache.velocity.runtime.directive.Include
2014-05-02 10:10:55,135 - Loaded System Directive: org.apache.velocity.runtime.directive.Foreach
2014-05-02 10:10:55,171 - Created: 20 parsers.
2014-05-02 10:10:55,178 - Velocimacro : initialization starting.
2014-05-02 10:10:55,178 - Velocimacro : adding VMs from VM library template : VM_global_library.vm
2014-05-02 10:10:55,183 - ResourceManager : unable to find resource 'VM_global_library.vm' in any resource loader.
2014-05-02 10:10:55,183 - Velocimacro : error using  VM library template VM_global_library.vm : org.apache.velocity.exception.ResourceNotFoundException: Unable to find resource 'VM_global_library.vm'
2014-05-02 10:10:55,183 - Velocimacro :  VM library template macro registration complete.
2014-05-02 10:10:55,183 - Velocimacro : allowInline = true : VMs can be defined inline in templates
2014-05-02 10:10:55,183 - Velocimacro : allowInlineToOverride = false : VMs defined inline may NOT replace previous VM definitions
2014-05-02 10:10:55,183 - Velocimacro : allowInlineLocal = false : VMs defined inline will be  global in scope if allowed.
2014-05-02 10:10:55,183 - Velocimacro : messages on  : VM system will output logging messages
2014-05-02 10:10:55,183 - Velocimacro : autoload off  : VM system will not automatically reload global library macros
2014-05-02 10:10:55,183 - Velocimacro : initialization complete.
2014-05-02 10:10:55,191 - Velocity successfully started.
2014-05-02 10:12:47,852 - SimpleLog4JLogSystem initialized using logfile 'velocity.log'
2014-05-02 10:12:47,853 - ************************************************************** 
2014-05-02 10:12:47,853 - Starting Jakarta Velocity v1.4
2014-05-02 10:12:47,853 - RuntimeInstance initializing.
2014-05-02 10:12:47,853 - Default Properties File: org/apache/velocity/runtime/defaults/velocity.properties
2014-05-02 10:12:47,853 - Trying to use logger class org.apache.velocity.runtime.log.SimpleLog4JLogSystem
2014-05-02 10:12:47,853 - Using logger class org.apache.velocity.runtime.log.SimpleLog4JLogSystem
2014-05-02 10:12:47,856 - Default ResourceManager initializing. (class org.apache.velocity.runtime.resource.ResourceManagerImpl)
2014-05-02 10:12:47,859 - Resource Loader Instantiated: org.apache.velocity.runtime.resource.loader.ClasspathResourceLoader
2014-05-02 10:12:47,859 - ClasspathResourceLoader : initialization starting.
2014-05-02 10:12:47,859 - ClasspathResourceLoader : initialization complete.
2014-05-02 10:12:47,860 - ResourceCache : initialized. (class org.apache.velocity.runtime.resource.ResourceCacheImpl)
2014-05-02 10:12:47,860 - Default ResourceManager initialization complete.
2014-05-02 10:12:47,862 - Loaded System Directive: org.apache.velocity.runtime.directive.Literal
2014-05-02 10:12:47,863 - Loaded System Directive: org.apache.velocity.runtime.directive.Macro
2014-05-02 10:12:47,866 - Loaded System Directive: org.apache.velocity.runtime.directive.Parse
2014-05-02 10:12:47,868 - Loaded System Directive: org.apache.velocity.runtime.directive.Include
2014-05-02 10:12:47,869 - Loaded System Directive: org.apache.velocity.runtime.directive.Foreach
2014-05-02 10:12:47,904 - Created: 20 parsers.
2014-05-02 10:12:47,932 - Velocimacro : initialization starting.
2014-05-02 10:12:47,932 - Velocimacro : adding VMs from VM library template : VM_global_library.vm
2014-05-02 10:12:47,939 - ResourceManager : unable to find resource 'VM_global_library.vm' in any resource loader.
2014-05-02 10:12:47,939 - Velocimacro : error using  VM library template VM_global_library.vm : org.apache.velocity.exception.ResourceNotFoundException: Unable to find resource 'VM_global_library.vm'
2014-05-02 10:12:47,939 - Velocimacro :  VM library template macro registration complete.
2014-05-02 10:12:47,939 - Velocimacro : allowInline = true : VMs can be defined inline in templates
2014-05-02 10:12:47,939 - Velocimacro : allowInlineToOverride = false : VMs defined inline may NOT replace previous VM definitions
2014-05-02 10:12:47,939 - Velocimacro : allowInlineLocal = false : VMs defined inline will be  global in scope if allowed.
2014-05-02 10:12:47,939 - Velocimacro : messages on  : VM system will output logging messages
2014-05-02 10:12:47,940 - Velocimacro : autoload off  : VM system will not automatically reload global library macros
2014-05-02 10:12:47,940 - Velocimacro : initialization complete.
2014-05-02 10:12:47,940 - Velocity successfully started.
2014-05-06 11:02:49,075 - SimpleLog4JLogSystem initialized using logfile 'velocity.log'
2014-05-06 11:02:49,092 - ************************************************************** 
2014-05-06 11:02:49,092 - Starting Jakarta Velocity v1.4
2014-05-06 11:02:49,092 - RuntimeInstance initializing.
2014-05-06 11:02:49,092 - Default Properties File: org/apache/velocity/runtime/defaults/velocity.properties
2014-05-06 11:02:49,092 - Trying to use logger class org.apache.velocity.runtime.log.SimpleLog4JLogSystem
2014-05-06 11:02:49,092 - Using logger class org.apache.velocity.runtime.log.SimpleLog4JLogSystem
2014-05-06 11:02:49,094 - Default ResourceManager initializing. (class org.apache.velocity.runtime.resource.ResourceManagerImpl)
2014-05-06 11:02:49,096 - Resource Loader Instantiated: org.apache.velocity.runtime.resource.loader.ClasspathResourceLoader
2014-05-06 11:02:49,096 - ClasspathResourceLoader : initialization starting.
2014-05-06 11:02:49,096 - ClasspathResourceLoader : initialization complete.
2014-05-06 11:02:49,097 - ResourceCache : initialized. (class org.apache.velocity.runtime.resource.ResourceCacheImpl)
2014-05-06 11:02:49,097 - Default ResourceManager initialization complete.
2014-05-06 11:02:49,097 - Loaded System Directive: org.apache.velocity.runtime.directive.Literal
2014-05-06 11:02:49,098 - Loaded System Directive: org.apache.velocity.runtime.directive.Macro
2014-05-06 11:02:49,100 - Loaded System Directive: org.apache.velocity.runtime.directive.Parse
2014-05-06 11:02:49,101 - Loaded System Directive: org.apache.velocity.runtime.directive.Include
2014-05-06 11:02:49,102 - Loaded System Directive: org.apache.velocity.runtime.directive.Foreach
2014-05-06 11:02:49,123 - Created: 20 parsers.
2014-05-06 11:02:49,127 - Velocimacro : initialization starting.
2014-05-06 11:02:49,127 - Velocimacro : adding VMs from VM library template : VM_global_library.vm
2014-05-06 11:02:49,130 - ResourceManager : unable to find resource 'VM_global_library.vm' in any resource loader.
2014-05-06 11:02:49,130 - Velocimacro : error using  VM library template VM_global_library.vm : org.apache.velocity.exception.ResourceNotFoundException: Unable to find resource 'VM_global_library.vm'
2014-05-06 11:02:49,130 - Velocimacro :  VM library template macro registration complete.
2014-05-06 11:02:49,130 - Velocimacro : allowInline = true : VMs can be defined inline in templates
2014-05-06 11:02:49,130 - Velocimacro : allowInlineToOverride = false : VMs defined inline may NOT replace previous VM definitions
2014-05-06 11:02:49,130 - Velocimacro : allowInlineLocal = false : VMs defined inline will be  global in scope if allowed.
2014-05-06 11:02:49,130 - Velocimacro : messages on  : VM system will output logging messages
2014-05-06 11:02:49,130 - Velocimacro : autoload off  : VM system will not automatically reload global library macros
2014-05-06 11:02:49,130 - Velocimacro : initialization complete.
2014-05-06 11:02:49,130 - Velocity successfully started.
2014-05-06 11:04:27,004 - SimpleLog4JLogSystem initialized using logfile 'velocity.log'
2014-05-06 11:04:27,004 - ************************************************************** 
2014-05-06 11:04:27,004 - Starting Jakarta Velocity v1.4
2014-05-06 11:04:27,004 - RuntimeInstance initializing.
2014-05-06 11:04:27,004 - Default Properties File: org/apache/velocity/runtime/defaults/velocity.properties
2014-05-06 11:04:27,004 - Trying to use logger class org.apache.velocity.runtime.log.SimpleLog4JLogSystem
2014-05-06 11:04:27,004 - Using logger class org.apache.velocity.runtime.log.SimpleLog4JLogSystem
2014-05-06 11:04:27,006 - Default ResourceManager initializing. (class org.apache.velocity.runtime.resource.ResourceManagerImpl)
2014-05-06 11:04:27,008 - Resource Loader Instantiated: org.apache.velocity.runtime.resource.loader.ClasspathResourceLoader
2014-05-06 11:04:27,008 - ClasspathResourceLoader : initialization starting.
2014-05-06 11:04:27,008 - ClasspathResourceLoader : initialization complete.
2014-05-06 11:04:27,009 - ResourceCache : initialized. (class org.apache.velocity.runtime.resource.ResourceCacheImpl)
2014-05-06 11:04:27,009 - Default ResourceManager initialization complete.
2014-05-06 11:04:27,010 - Loaded System Directive: org.apache.velocity.runtime.directive.Literal
2014-05-06 11:04:27,011 - Loaded System Directive: org.apache.velocity.runtime.directive.Macro
2014-05-06 11:04:27,012 - Loaded System Directive: org.apache.velocity.runtime.directive.Parse
2014-05-06 11:04:27,014 - Loaded System Directive: org.apache.velocity.runtime.directive.Include
2014-05-06 11:04:27,014 - Loaded System Directive: org.apache.velocity.runtime.directive.Foreach
2014-05-06 11:04:27,036 - Created: 20 parsers.
2014-05-06 11:04:27,040 - Velocimacro : initialization starting.
2014-05-06 11:04:27,040 - Velocimacro : adding VMs from VM library template : VM_global_library.vm
2014-05-06 11:04:27,043 - ResourceManager : unable to find resource 'VM_global_library.vm' in any resource loader.
2014-05-06 11:04:27,043 - Velocimacro : error using  VM library template VM_global_library.vm : org.apache.velocity.exception.ResourceNotFoundException: Unable to find resource 'VM_global_library.vm'
2014-05-06 11:04:27,043 - Velocimacro :  VM library template macro registration complete.
2014-05-06 11:04:27,043 - Velocimacro : allowInline = true : VMs can be defined inline in templates
2014-05-06 11:04:27,043 - Velocimacro : allowInlineToOverride = false : VMs defined inline may NOT replace previous VM definitions
2014-05-06 11:04:27,044 - Velocimacro : allowInlineLocal = false : VMs defined inline will be  global in scope if allowed.
2014-05-06 11:04:27,044 - Velocimacro : messages on  : VM system will output logging messages
2014-05-06 11:04:27,044 - Velocimacro : autoload off  : VM system will not automatically reload global library macros
2014-05-06 11:04:27,044 - Velocimacro : initialization complete.
2014-05-06 11:04:27,044 - Velocity successfully started.
2014-05-06 11:05:02,493 - SimpleLog4JLogSystem initialized using logfile 'velocity.log'
2014-05-06 11:05:02,493 - ************************************************************** 
2014-05-06 11:05:02,493 - Starting Jakarta Velocity v1.4
2014-05-06 11:05:02,493 - RuntimeInstance initializing.
2014-05-06 11:05:02,493 - Default Properties File: org/apache/velocity/runtime/defaults/velocity.properties
2014-05-06 11:05:02,493 - Trying to use logger class org.apache.velocity.runtime.log.SimpleLog4JLogSystem
2014-05-06 11:05:02,493 - Using logger class org.apache.velocity.runtime.log.SimpleLog4JLogSystem
2014-05-06 11:05:02,495 - Default ResourceManager initializing. (class org.apache.velocity.runtime.resource.ResourceManagerImpl)
2014-05-06 11:05:02,497 - Resource Loader Instantiated: org.apache.velocity.runtime.resource.loader.ClasspathResourceLoader
2014-05-06 11:05:02,497 - ClasspathResourceLoader : initialization starting.
2014-05-06 11:05:02,497 - ClasspathResourceLoader : initialization complete.
2014-05-06 11:05:02,498 - ResourceCache : initialized. (class org.apache.velocity.runtime.resource.ResourceCacheImpl)
2014-05-06 11:05:02,498 - Default ResourceManager initialization complete.
2014-05-06 11:05:02,499 - Loaded System Directive: org.apache.velocity.runtime.directive.Literal
2014-05-06 11:05:02,502 - Loaded System Directive: org.apache.velocity.runtime.directive.Macro
2014-05-06 11:05:02,503 - Loaded System Directive: org.apache.velocity.runtime.directive.Parse
2014-05-06 11:05:02,505 - Loaded System Directive: org.apache.velocity.runtime.directive.Include
2014-05-06 11:05:02,505 - Loaded System Directive: org.apache.velocity.runtime.directive.Foreach
2014-05-06 11:05:02,530 - Created: 20 parsers.
2014-05-06 11:05:02,534 - Velocimacro : initialization starting.
2014-05-06 11:05:02,534 - Velocimacro : adding VMs from VM library template : VM_global_library.vm
2014-05-06 11:05:02,537 - ResourceManager : unable to find resource 'VM_global_library.vm' in any resource loader.
2014-05-06 11:05:02,537 - Velocimacro : error using  VM library template VM_global_library.vm : org.apache.velocity.exception.ResourceNotFoundException: Unable to find resource 'VM_global_library.vm'
2014-05-06 11:05:02,537 - Velocimacro :  VM library template macro registration complete.
2014-05-06 11:05:02,537 - Velocimacro : allowInline = true : VMs can be defined inline in templates
2014-05-06 11:05:02,537 - Velocimacro : allowInlineToOverride = false : VMs defined inline may NOT replace previous VM definitions
2014-05-06 11:05:02,537 - Velocimacro : allowInlineLocal = false : VMs defined inline will be  global in scope if allowed.
2014-05-06 11:05:02,537 - Velocimacro : messages on  : VM system will output logging messages
2014-05-06 11:05:02,537 - Velocimacro : autoload off  : VM system will not automatically reload global library macros
2014-05-06 11:05:02,537 - Velocimacro : initialization complete.
2014-05-06 11:05:02,537 - Velocity successfully started.
2014-05-06 11:07:43,238 - SimpleLog4JLogSystem initialized using logfile 'velocity.log'
2014-05-06 11:07:43,238 - ************************************************************** 
2014-05-06 11:07:43,239 - Starting Jakarta Velocity v1.4
2014-05-06 11:07:43,239 - RuntimeInstance initializing.
2014-05-06 11:07:43,239 - Default Properties File: org/apache/velocity/runtime/defaults/velocity.properties
2014-05-06 11:07:43,239 - Trying to use logger class org.apache.velocity.runtime.log.SimpleLog4JLogSystem
2014-05-06 11:07:43,239 - Using logger class org.apache.velocity.runtime.log.SimpleLog4JLogSystem
2014-05-06 11:07:43,241 - Default ResourceManager initializing. (class org.apache.velocity.runtime.resource.ResourceManagerImpl)
2014-05-06 11:07:43,242 - Resource Loader Instantiated: org.apache.velocity.runtime.resource.loader.ClasspathResourceLoader
2014-05-06 11:07:43,242 - ClasspathResourceLoader : initialization starting.
2014-05-06 11:07:43,242 - ClasspathResourceLoader : initialization complete.
2014-05-06 11:07:43,243 - ResourceCache : initialized. (class org.apache.velocity.runtime.resource.ResourceCacheImpl)
2014-05-06 11:07:43,243 - Default ResourceManager initialization complete.
2014-05-06 11:07:43,244 - Loaded System Directive: org.apache.velocity.runtime.directive.Literal
2014-05-06 11:07:43,245 - Loaded System Directive: org.apache.velocity.runtime.directive.Macro
2014-05-06 11:07:43,247 - Loaded System Directive: org.apache.velocity.runtime.directive.Parse
2014-05-06 11:07:43,248 - Loaded System Directive: org.apache.velocity.runtime.directive.Include
2014-05-06 11:07:43,248 - Loaded System Directive: org.apache.velocity.runtime.directive.Foreach
2014-05-06 11:07:43,270 - Created: 20 parsers.
2014-05-06 11:07:43,274 - Velocimacro : initialization starting.
2014-05-06 11:07:43,274 - Velocimacro : adding VMs from VM library template : VM_global_library.vm
2014-05-06 11:07:43,277 - ResourceManager : unable to find resource 'VM_global_library.vm' in any resource loader.
2014-05-06 11:07:43,277 - Velocimacro : error using  VM library template VM_global_library.vm : org.apache.velocity.exception.ResourceNotFoundException: Unable to find resource 'VM_global_library.vm'
2014-05-06 11:07:43,277 - Velocimacro :  VM library template macro registration complete.
2014-05-06 11:07:43,277 - Velocimacro : allowInline = true : VMs can be defined inline in templates
2014-05-06 11:07:43,277 - Velocimacro : allowInlineToOverride = false : VMs defined inline may NOT replace previous VM definitions
2014-05-06 11:07:43,277 - Velocimacro : allowInlineLocal = false : VMs defined inline will be  global in scope if allowed.
2014-05-06 11:07:43,277 - Velocimacro : messages on  : VM system will output logging messages
2014-05-06 11:07:43,277 - Velocimacro : autoload off  : VM system will not automatically reload global library macros
2014-05-06 11:07:43,277 - Velocimacro : initialization complete.
2014-05-06 11:07:43,277 - Velocity successfully started.
